Change Component Designator: Old Designator=C? New Designator=C300
Change Component Designator: Old Designator=C? New Designator=C301
Change Component Designator: Old Designator=C? New Designator=C302
Change Component Designator: Old Designator=C? New Designator=C303
Change Component Designator: Old Designator=C? New Designator=C304
Change Component Designator: Old Designator=C? New Designator=C305
Change Component Designator: Old Designator=C? New Designator=C306
Change Component Designator: Old Designator=C? New Designator=C307
Change Component Designator: Old Designator=C? New Designator=C308
Change Component Designator: Old Designator=C? New Designator=C309
Change Component Designator: Old Designator=C? New Designator=C310
Change Component Designator: Old Designator=C? New Designator=C311
Change Component Designator: Old Designator=C? New Designator=C312
Change Component Designator: Old Designator=C? New Designator=C313
Change Component Designator: Old Designator=C? New Designator=C314
Change Component Designator: Old Designator=C? New Designator=C315
Change Component Designator: Old Designator=C? New Designator=C316
Change Component Designator: Old Designator=C? New Designator=C317
Change Component Designator: Old Designator=C? New Designator=C318
Change Component Designator: Old Designator=C? New Designator=C319
Change Component Designator: Old Designator=D? New Designator=D300
Change Component Designator: Old Designator=D? New Designator=D301
Change Component Designator: Old Designator=D? New Designator=D302
Change Component Designator: Old Designator=D? New Designator=D303
Change Component Designator: Old Designator=D? New Designator=D304
Change Component Designator: Old Designator=D? New Designator=D305
Change Component Designator: Old Designator=D? New Designator=D306
Change Component Designator: Old Designator=D? New Designator=D307
Change Component Designator: Old Designator=FL? New Designator=FL300
Change Component Designator: Old Designator=FL? New Designator=FL301
Change Component Designator: Old Designator=FL? New Designator=FL302
Change Component Designator: Old Designator=FL? New Designator=FL303
Change Component Designator: Old Designator=IC? New Designator=IC300
Change Component Designator: Old Designator=IC? New Designator=IC301
Change Component Designator: Old Designator=IC? New Designator=IC302
Change Component Designator: Old Designator=IC? New Designator=IC303
Change Component Designator: Old Designator=R? New Designator=R300
Change Component Designator: Old Designator=R? New Designator=R301
Change Component Designator: Old Designator=R? New Designator=R302
Change Component Designator: Old Designator=R? New Designator=R303
Change Component Designator: Old Designator=R? New Designator=R304
Change Component Designator: Old Designator=R? New Designator=R305
Change Component Designator: Old Designator=R? New Designator=R306
Change Component Designator: Old Designator=R? New Designator=R307
