Change Component Designator: Old Designator=C? New Designator=C200
Change Component Designator: Old Designator=C? New Designator=C201
Change Component Designator: Old Designator=C? New Designator=C202
Change Component Designator: Old Designator=C? New Designator=C203
Change Component Designator: Old Designator=C? New Designator=C204
Change Component Designator: Old Designator=C? New Designator=C205
Change Component Designator: Old Designator=C? New Designator=C206
Change Component Designator: Old Designator=C? New Designator=C207
Change Component Designator: Old Designator=C? New Designator=C208
Change Component Designator: Old Designator=C? New Designator=C209
Change Component Designator: Old Designator=C? New Designator=C210
Change Component Designator: Old Designator=C? New Designator=C211
Change Component Designator: Old Designator=D? New Designator=D200
Change Component Designator: Old Designator=D? New Designator=D201
Change Component Designator: Old Designator=F? New Designator=F200
Change Component Designator: Old Designator=IC? New Designator=IC200
Change Component Designator: Old Designator=IC? New Designator=IC201
Change Component Designator: Old Designator=j? New Designator=j200
Change Component Designator: Old Designator=J? New Designator=J201
Change Component Designator: Old Designator=LED? New Designator=LED200
Change Component Designator: Old Designator=LED? New Designator=LED201
Change Component Designator: Old Designator=LED? New Designator=LED202
Change Component Designator: Old Designator=LED? New Designator=LED203
Change Component Designator: Old Designator=LED? New Designator=LED204
Change Component Designator: Old Designator=LED? New Designator=LED205
Change Component Designator: Old Designator=R? New Designator=R200
Change Component Designator: Old Designator=R? New Designator=R201
Change Component Designator: Old Designator=R? New Designator=R202
Change Component Designator: Old Designator=R? New Designator=R203
Change Component Designator: Old Designator=R? New Designator=R204
Change Component Designator: Old Designator=R? New Designator=R205
Change Component Designator: Old Designator=R? New Designator=R206
Change Component Designator: Old Designator=R? New Designator=R207
Change Component Designator: Old Designator=R? New Designator=R208
Change Component Designator: Old Designator=R? New Designator=R209
Change Component Designator: Old Designator=R? New Designator=R210
Change Component Designator: Old Designator=R? New Designator=R211
Change Component Designator: Old Designator=R? New Designator=R212
Change Component Designator: Old Designator=R? New Designator=R213
Change Component Designator: Old Designator=R? New Designator=R214
Change Component Designator: Old Designator=R? New Designator=R215
Change Component Designator: Old Designator=R? New Designator=R216
Change Component Designator: Old Designator=S? New Designator=S200
Change Component Designator: Old Designator=S? New Designator=S201
Change Component Designator: Old Designator=Y? New Designator=Y200
