Change Component Designator: Old Designator=C? New Designator=C100
Change Component Designator: Old Designator=C? New Designator=C101
Change Component Designator: Old Designator=C? New Designator=C102
Change Component Designator: Old Designator=C? New Designator=C103
Change Component Designator: Old Designator=C? New Designator=C104
Change Component Designator: Old Designator=C? New Designator=C105
Change Component Designator: Old Designator=C? New Designator=C106
Change Component Designator: Old Designator=C? New Designator=C107
Change Component Designator: Old Designator=C? New Designator=C108
Change Component Designator: Old Designator=C? New Designator=C109
Change Component Designator: Old Designator=C? New Designator=C110
Change Component Designator: Old Designator=C? New Designator=C111
Change Component Designator: Old Designator=C? New Designator=C112
Change Component Designator: Old Designator=D? New Designator=D100
Change Component Designator: Old Designator=D? New Designator=D101
Change Component Designator: Old Designator=D? New Designator=D102
Change Component Designator: Old Designator=F? New Designator=F100
Change Component Designator: Old Designator=IC? New Designator=IC100
Change Component Designator: Old Designator=IC? New Designator=IC101
Change Component Designator: Old Designator=L? New Designator=L100
Change Component Designator: Old Designator=L? New Designator=L101
Change Component Designator: Old Designator=LED? New Designator=LED100
Change Component Designator: Old Designator=MP? New Designator=MP100
Change Component Designator: Old Designator=MP? New Designator=MP101
Change Component Designator: Old Designator=MP? New Designator=MP102
Change Component Designator: Old Designator=MP? New Designator=MP103
Change Component Designator: Old Designator=MP? New Designator=MP104
Change Component Designator: Old Designator=MP? New Designator=MP105
Change Component Designator: Old Designator=MP? New Designator=MP106
Change Component Designator: Old Designator=MP? New Designator=MP107
Change Component Designator: Old Designator=PS? New Designator=PS100
Change Component Designator: Old Designator=PS? New Designator=PS101
Change Component Designator: Old Designator=R? New Designator=R100
Change Component Designator: Old Designator=R? New Designator=R101
Change Component Designator: Old Designator=R? New Designator=R102
Change Component Designator: Old Designator=R? New Designator=R103
Change Component Designator: Old Designator=TP? New Designator=TP100
Change Component Designator: Old Designator=TP? New Designator=TP101
Change Component Designator: Old Designator=TP? New Designator=TP102
Change Component Designator: Old Designator=TP? New Designator=TP103
Change Component Designator: Old Designator=TP? New Designator=TP104
